0 info it worked if it ends with ok
1 verbose cli [ '/usr/bin/node', '/usr/sbin/npm', 'start' ]
2 info using npm@1.4.21
3 info using node@v0.10.30
4 verbose run-script [ 'prestart', 'start', 'poststart' ]
5 info prestart test@0.0.1
6 info start test@0.0.1
7 verbose unsafe-perm in lifecycle true
8 info test@0.0.1 Failed to exec start script
9 error test@0.0.1 start: `node ./bin/www`
9 error Exit status 8
10 error Failed at the test@0.0.1 start script.
10 error This is most likely a problem with the test package,
10 error not with npm itself.
10 error Tell the author that this fails on your system:
10 error     node ./bin/www
10 error You can get their info via:
10 error     npm owner ls test
10 error There is likely additional logging output above.
11 error System Linux 3.15.7-1-ARCH
12 error command "/usr/bin/node" "/usr/sbin/npm" "start"
13 error cwd /home/zshang/Program/TestJS/TestApp/be
14 error node -v v0.10.30
15 error npm -v 1.4.21
16 error code ELIFECYCLE
17 verbose exit [ 1, true ]
